
NodeBB v1.5.3 Copyright (C) 2013-2014 NodeBB Inc.
This program comes with ABSOLUTELY NO WARRANTY.
This is free software, and you are welcome to redistribute it under certain conditions.
For the full license, please visit: http://www.gnu.org/copyleft/gpl.html

Clustering enabled: Spinning up 1 process(es).

3/1 13:12:40 [5388] - [32minfo[39m: Initializing NodeBB v1.5.3
[deprecated] `String.prototype.rtrim` is deprecated as of NodeBB v1.5; use `utils.rtrim` instead.
3/1 13:12:50 [5388] - [32minfo[39m: [socket.io] Restricting access to origin: http://localhost:*

3/1 13:12:51 [5388] - [33mwarn[39m: [plugins/load] The following plugins may not be compatible with your version of NodeBB. This may cause unintended behaviour or crashing. In the event of an unresponsive NodeBB caused by this plugin, run `./nodebb reset -p PLUGINNAME` to disable it.
  * nodebb-plugin-markdown

3/1 13:12:51 [5388] - [32minfo[39m: [plugins/emoji-one] Initial startup detected. Downloading emojione assets...
3/1 13:12:51 [5388] - [32minfo[39m: Routes added
3/1 13:12:51 [5388] - [32minfo[39m: NodeBB Ready
3/1 13:12:51 [5388] - [32minfo[39m: Enabling 'trust proxy'
3/1 13:12:51 [5388] - [32minfo[39m: NodeBB is now listening on: 0.0.0.0:4567
3/1 13:12:57 [5388] - [32minfo[39m: [plugins/emoji-one] Emoji are ready.

NodeBB v1.5.3 Copyright (C) 2013-2014 NodeBB Inc.
This program comes with ABSOLUTELY NO WARRANTY.
This is free software, and you are welcome to redistribute it under certain conditions.
For the full license, please visit: http://www.gnu.org/copyleft/gpl.html

Clustering enabled: Spinning up 1 process(es).

3/1 13:16:38 [5328] - [32minfo[39m: Initializing NodeBB v1.5.3
[deprecated] `String.prototype.rtrim` is deprecated as of NodeBB v1.5; use `utils.rtrim` instead.
3/1 13:16:41 [5328] - [32minfo[39m: [socket.io] Restricting access to origin: https://127.0.0.1:*

3/1 13:16:41 [5328] - [33mwarn[39m: [plugins/load] The following plugins may not be compatible with your version of NodeBB. This may cause unintended behaviour or crashing. In the event of an unresponsive NodeBB caused by this plugin, run `./nodebb reset -p PLUGINNAME` to disable it.
  * nodebb-plugin-markdown

3/1 13:16:41 [5328] - [32minfo[39m: Routes added
3/1 13:16:41 [5328] - [32minfo[39m: NodeBB Ready
3/1 13:16:41 [5328] - [32minfo[39m: Enabling 'trust proxy'
3/1 13:16:41 [5328] - [32minfo[39m: NodeBB is now listening on: 0.0.0.0:4567
